+ export MF=/home/tonyho/workspace/debug/fsic_caravel_user_project
+ MF=/home/tonyho/workspace/debug/fsic_caravel_user_project
+ export FFF=/home/tonyho/workspace/fsic/fsic_fpga
+ FFF=/home/tonyho/workspace/fsic/fsic_fpga
+ export FAF=/home/tonyho/workspace/fsic/fsic_asic
+ FAF=/home/tonyho/workspace/fsic/fsic_asic
+ export PRECHECK_ROOT=/home/tonyho/workspace/debug/fsic_caravel_user_project/mpw_precheck
+ PRECHECK_ROOT=/home/tonyho/workspace/debug/fsic_caravel_user_project/mpw_precheck
+ export LF=/home/tonyho/workspace/debug/fsic_caravel_user_project/log-0906
+ LF=/home/tonyho/workspace/debug/fsic_caravel_user_project/log-0906
+ export CLF=/home/tonyho/workspace/debug/fsic_caravel_user_project/caravel-lab
+ CLF=/home/tonyho/workspace/debug/fsic_caravel_user_project/caravel-lab
+ export CUPF=/home/tonyho/workspace/debug/fsic_caravel_user_project/caravel_user_project
+ CUPF=/home/tonyho/workspace/debug/fsic_caravel_user_project/caravel_user_project
+ export MPW_TAG=fsic
+ MPW_TAG=fsic
+ cd /home/tonyho/workspace/debug/fsic_caravel_user_project
+ '[' '!' -d /home/tonyho/workspace/debug/fsic_caravel_user_project ']'
+ '[' '!' -d /home/tonyho/workspace/debug/fsic_caravel_user_project/log-0906 ']'
+ '[' -d /home/tonyho/workspace/debug/fsic_caravel_user_project/caravel-lab ']'
+ echo '/home/tonyho/workspace/debug/fsic_caravel_user_project/caravel-lab exist, remove it'
/home/tonyho/workspace/debug/fsic_caravel_user_project/caravel-lab exist, remove it
+ rm -rf /home/tonyho/workspace/debug/fsic_caravel_user_project/caravel-lab
+ '[' '!' -d /home/tonyho/workspace/debug/fsic_caravel_user_project/caravel-lab ']'
+ echo '/home/tonyho/workspace/debug/fsic_caravel_user_project/caravel-lab not exist, git clone it'
/home/tonyho/workspace/debug/fsic_caravel_user_project/caravel-lab not exist, git clone it
+ git clone https://github.com/TonyHo722/caravel-lab
Cloning into 'caravel-lab'...
+ '[' '!' -d /home/tonyho/workspace/debug/fsic_caravel_user_project/caravel_user_project ']'
+ cd /home/tonyho/workspace/fsic/fsic_fpga
+ git log -1
+ tee /home/tonyho/workspace/debug/fsic_caravel_user_project/log-0906/mpw-8c-FFF-git-log.log
commit 3d039533b40038bb18bf7e9dcf3377fd60223548
Merge: 80885d3 1a01be7
Author: zack lin <chickentornado@gmail.com>
Date:   Wed Aug 30 07:15:45 2023 +0800

    Merge branch 'main' of github.com:bol-edu/fsic_fpga
+ cd /home/tonyho/workspace/fsic/fsic_asic
+ git log -1
+ tee /home/tonyho/workspace/debug/fsic_caravel_user_project/log-0906/mpw-8c-FAF-git-log.log
commit 1c313fdf1c7b0f13a2beaf4f144283151c47fe56
Author: tonyho <TonyHo@via.com.tw>
Date:   Tue Aug 29 17:13:22 2023 +0800

    add AS CC mprj_io module code
+ cd /home/tonyho/workspace/debug/fsic_caravel_user_project/caravel_user_project
+ git log -1
+ tee /home/tonyho/workspace/debug/fsic_caravel_user_project/log-0906/mpw-8c-CUPF-git-log.log
commit e506754b929e02c8402508c8c4e9be4d7b011008
Author: tonyho <TonyHo@via.com.tw>
Date:   Thu Sep 7 17:48:00 2023 +0800

    use https://github.com/TonyHo722/caravel-lite
+ mkdir dependencies
mkdir: cannot create directory ‘dependencies’: File exists
++ pwd
+ export OPENLANE_ROOT=/home/tonyho/workspace/debug/fsic_caravel_user_project/caravel_user_project/dependencies/openlane_src
+ OPENLANE_ROOT=/home/tonyho/workspace/debug/fsic_caravel_user_project/caravel_user_project/dependencies/openlane_src
++ pwd
+ export PDK_ROOT=/home/tonyho/workspace/debug/fsic_caravel_user_project/caravel_user_project/dependencies/pdks
+ PDK_ROOT=/home/tonyho/workspace/debug/fsic_caravel_user_project/caravel_user_project/dependencies/pdks
+ export PDK=sky130A
+ PDK=sky130A
+ make -d setup
+ tee /home/tonyho/workspace/debug/fsic_caravel_user_project/log-0906/mpw-8c-make-steup.log
GNU Make 4.2.1
Built for x86_64-pc-linux-gnu
Copyright (C) 1988-2016 Free Software Foundation, Inc.
License GPLv3+: GNU GPL version 3 or later <http://gnu.org/licenses/gpl.html>
This is free software: you are free to change and redistribute it.
There is NO WARRANTY, to the extent permitted by law.
Reading makefiles...
Reading makefile 'Makefile'...
Updating makefiles....
 Considering target file 'Makefile'.
  Looking for an implicit rule for 'Makefile'.
  Trying pattern rule with stem 'Makefile'.
  Found an implicit rule for 'Makefile'.
  Finished prerequisites of target file 'Makefile'.
 No need to remake target 'Makefile'.
Updating goal targets....
Considering target file 'setup'.
 File 'setup' does not exist.
  Considering target file 'install'.
   File 'install' does not exist.
   Finished prerequisites of target file 'install'.
  Must remake target 'install'.
if [ -d "/home/tonyho/workspace/debug/fsic_caravel_user_project/caravel_user_project/caravel" ]; then\
	echo "Deleting exisiting /home/tonyho/workspace/debug/fsic_caravel_user_project/caravel_user_project/caravel" && \
	rm -rf /home/tonyho/workspace/debug/fsic_caravel_user_project/caravel_user_project/caravel && sleep 2;\
fi
Putting child 0x561844b5cdb0 (install) PID 1760506 on the chain.
Live child 0x561844b5cdb0 (install) PID 1760506 
Deleting exisiting /home/tonyho/workspace/debug/fsic_caravel_user_project/caravel_user_project/caravel
Reaping winning child 0x561844b5cdb0 PID 1760506 
echo "Installing caravel-lite.."
Live child 0x561844b5cdb0 (install) PID 1760534 
Installing caravel-lite..
Reaping winning child 0x561844b5cdb0 PID 1760534 
git clone -b fsic https://github.com/TonyHo722/caravel-lite /home/tonyho/workspace/debug/fsic_caravel_user_project/caravel_user_project/caravel 
Live child 0x561844b5cdb0 (install) PID 1760535 
Cloning into '/home/tonyho/workspace/debug/fsic_caravel_user_project/caravel_user_project/caravel'...
Reaping winning child 0x561844b5cdb0 PID 1760535 
Removing child 0x561844b5cdb0 PID 1760535 from chain.
  Successfully remade target file 'install'.
  Considering target file 'check-env'.
   File 'check-env' does not exist.
   Looking for an implicit rule for 'check-env'.
   Trying pattern rule with stem 'check-env'.
   Found an implicit rule for 'check-env'.
   Finished prerequisites of target file 'check-env'.
  Must remake target 'check-env'.
export CARAVEL_ROOT=/home/tonyho/workspace/debug/fsic_caravel_user_project/caravel_user_project/caravel && make -f /home/tonyho/workspace/debug/fsic_caravel_user_project/caravel_user_project/caravel/Makefile check-env
Putting child 0x561844b62560 (check-env) PID 1802594 on the chain.
Live child 0x561844b62560 (check-env) PID 1802594 
GNU Make 4.2.1
Built for x86_64-pc-linux-gnu
Copyright (C) 1988-2016 Free Software Foundation, Inc.
License GPLv3+: GNU GPL version 3 or later <http://gnu.org/licenses/gpl.html>
This is free software: you are free to change and redistribute it.
There is NO WARRANTY, to the extent permitted by law.
Reading makefiles...
Reading makefile '/home/tonyho/workspace/debug/fsic_caravel_user_project/caravel_user_project/caravel/Makefile'...
make[1]: Entering directory '/home/tonyho/workspace/debug/fsic_caravel_user_project/caravel_user_project'
Updating makefiles....
 Considering target file '/home/tonyho/workspace/debug/fsic_caravel_user_project/caravel_user_project/caravel/Makefile'.
  Looking for an implicit rule for '/home/tonyho/workspace/debug/fsic_caravel_user_project/caravel_user_project/caravel/Makefile'.
  Trying pattern rule with stem 'Makefile'.
  Trying implicit prerequisite '/home/tonyho/workspace/debug/fsic_caravel_user_project/caravel_user_project/caravel/Makefile.o'.
  Trying pattern rule with stem 'Makefile'.
  Trying implicit prerequisite '/home/tonyho/workspace/debug/fsic_caravel_user_project/caravel_user_project/caravel/Makefile.c'.
  Trying pattern rule with stem 'Makefile'.
  Trying implicit prerequisite '/home/tonyho/workspace/debug/fsic_caravel_user_project/caravel_user_project/caravel/Makefile.cc'.
  Trying pattern rule with stem 'Makefile'.
  Trying implicit prerequisite '/home/tonyho/workspace/debug/fsic_caravel_user_project/caravel_user_project/caravel/Makefile.C'.
  Trying pattern rule with stem 'Makefile'.
  Trying implicit prerequisite '/home/tonyho/workspace/debug/fsic_caravel_user_project/caravel_user_project/caravel/Makefile.cpp'.
  Trying pattern rule with stem 'Makefile'.
  Trying implicit prerequisite '/home/tonyho/workspace/debug/fsic_caravel_user_project/caravel_user_project/caravel/Makefile.p'.
  Trying pattern rule with stem 'Makefile'.
  Trying implicit prerequisite '/home/tonyho/workspace/debug/fsic_caravel_user_project/caravel_user_project/caravel/Makefile.f'.
  Trying pattern rule with stem 'Makefile'.
  Trying implicit prerequisite '/home/tonyho/workspace/debug/fsic_caravel_user_project/caravel_user_project/caravel/Makefile.F'.
  Trying pattern rule with stem 'Makefile'.
  Trying implicit prerequisite '/home/tonyho/workspace/debug/fsic_caravel_user_project/caravel_user_project/caravel/Makefile.m'.
  Trying pattern rule with stem 'Makefile'.
  Trying implicit prerequisite '/home/tonyho/workspace/debug/fsic_caravel_user_project/caravel_user_project/caravel/Makefile.r'.
  Trying pattern rule with stem 'Makefile'.
  Trying implicit prerequisite '/home/tonyho/workspace/debug/fsic_caravel_user_project/caravel_user_project/caravel/Makefile.s'.
  Trying pattern rule with stem 'Makefile'.
  Trying implicit prerequisite '/home/tonyho/workspace/debug/fsic_caravel_user_project/caravel_user_project/caravel/Makefile.S'.
  Trying pattern rule with stem 'Makefile'.
  Trying implicit prerequisite '/home/tonyho/workspace/debug/fsic_caravel_user_project/caravel_user_project/caravel/Makefile.mod'.
  Trying pattern rule with stem 'Makefile'.
  Trying implicit prerequisite '/home/tonyho/workspace/debug/fsic_caravel_user_project/caravel_user_project/caravel/Makefile.sh'.
  Trying pattern rule with stem 'Makefile'.
  Trying implicit prerequisite '/home/tonyho/workspace/debug/fsic_caravel_user_project/caravel_user_project/caravel/Makefile,v'.
  Trying pattern rule with stem 'Makefile'.
  Trying implicit prerequisite '/home/tonyho/workspace/debug/fsic_caravel_user_project/caravel_user_project/caravel/RCS/Makefile,v'.
  Trying pattern rule with stem 'Makefile'.
  Trying implicit prerequisite '/home/tonyho/workspace/debug/fsic_caravel_user_project/caravel_user_project/caravel/RCS/Makefile'.
  Trying pattern rule with stem 'Makefile'.
  Trying implicit prerequisite '/home/tonyho/workspace/debug/fsic_caravel_user_project/caravel_user_project/caravel/s.Makefile'.
  Trying pattern rule with stem 'Makefile'.
  Trying implicit prerequisite '/home/tonyho/workspace/debug/fsic_caravel_user_project/caravel_user_project/caravel/SCCS/s.Makefile'.
  Trying pattern rule with stem 'Makefile'.
  Trying implicit prerequisite '/home/tonyho/workspace/debug/fsic_caravel_user_project/caravel_user_project/caravel/Makefile.o'.
  Looking for a rule with intermediate file '/home/tonyho/workspace/debug/fsic_caravel_user_project/caravel_user_project/caravel/Makefile.o'.
   Avoiding implicit rule recursion.
   Trying pattern rule with stem 'Makefile'.
   Trying implicit prerequisite '/home/tonyho/workspace/debug/fsic_caravel_user_project/caravel_user_project/caravel/Makefile.c'.
   Trying pattern rule with stem 'Makefile'.
   Trying implicit prerequisite '/home/tonyho/workspace/debug/fsic_caravel_user_project/caravel_user_project/caravel/Makefile.cc'.
   Trying pattern rule with stem 'Makefile'.
   Trying implicit prerequisite '/home/tonyho/workspace/debug/fsic_caravel_user_project/caravel_user_project/caravel/Makefile.C'.
   Trying pattern rule with stem 'Makefile'.
   Trying implicit prerequisite '/home/tonyho/workspace/debug/fsic_caravel_user_project/caravel_user_project/caravel/Makefile.cpp'.
   Trying pattern rule with stem 'Makefile'.
   Trying implicit prerequisite '/home/tonyho/workspace/debug/fsic_caravel_user_project/caravel_user_project/caravel/Makefile.p'.
   Trying pattern rule with stem 'Makefile'.
   Trying implicit prerequisite '/home/tonyho/workspace/debug/fsic_caravel_user_project/caravel_user_project/caravel/Makefile.f'.
   Trying pattern rule with stem 'Makefile'.
   Trying implicit prerequisite '/home/tonyho/workspace/debug/fsic_caravel_user_project/caravel_user_project/caravel/Makefile.F'.
   Trying pattern rule with stem 'Makefile'.
   Trying implicit prerequisite '/home/tonyho/workspace/debug/fsic_caravel_user_project/caravel_user_project/caravel/Makefile.m'.
   Trying pattern rule with stem 'Makefile'.
   Trying implicit prerequisite '/home/tonyho/workspace/debug/fsic_caravel_user_project/caravel_user_project/caravel/Makefile.r'.
   Trying pattern rule with stem 'Makefile'.
   Trying implicit prerequisite '/home/tonyho/workspace/debug/fsic_caravel_user_project/caravel_user_project/caravel/Makefile.s'.
   Trying pattern rule with stem 'Makefile'.
   Trying implicit prerequisite '/home/tonyho/workspace/debug/fsic_caravel_user_project/caravel_user_project/caravel/Makefile.S'.
   Trying pattern rule with stem 'Makefile'.
   Trying implicit prerequisite '/home/tonyho/workspace/debug/fsic_caravel_user_project/caravel_user_project/caravel/Makefile.mod'.
   Trying pattern rule with stem 'Makefile.o'.
   Trying implicit prerequisite '/home/tonyho/workspace/debug/fsic_caravel_user_project/caravel_user_project/caravel/Makefile.o,v'.
   Trying pattern rule with stem 'Makefile.o'.
   Trying implicit prerequisite '/home/tonyho/workspace/debug/fsic_caravel_user_project/caravel_user_project/caravel/RCS/Makefile.o,v'.
   Trying pattern rule with stem 'Makefile.o'.
   Trying implicit prerequisite '/home/tonyho/workspace/debug/fsic_caravel_user_project/caravel_user_project/caravel/RCS/Makefile.o'.
   Trying pattern rule with stem 'Makefile.o'.
   Trying implicit prerequisite '/home/tonyho/workspace/debug/fsic_caravel_user_project/caravel_user_project/caravel/s.Makefile.o'.
   Trying pattern rule with stem 'Makefile.o'.
   Trying implicit prerequisite '/home/tonyho/workspace/debug/fsic_caravel_user_project/caravel_user_project/caravel/SCCS/s.Makefile.o'.
   Trying pattern rule with stem 'Makefile'.
   Trying implicit prerequisite '/home/tonyho/workspace/debug/fsic_caravel_user_project/caravel_user_project/caravel/Makefile.c'.
   Looking for a rule with intermediate file '/home/tonyho/workspace/debug/fsic_caravel_user_project/caravel_user_project/caravel/Makefile.c'.
    Avoiding implicit rule recursion.
    Avoiding implicit rule recursion.
    Trying pattern rule with stem 'Makefile'.
    Trying implicit prerequisite '/home/tonyho/workspace/debug/fsic_caravel_user_project/caravel_user_project/caravel/Makefile.y'.
    Trying pattern rule with stem 'Makefile'.
    Trying implicit prerequisite '/home/tonyho/workspace/debug/fsic_caravel_user_project/caravel_user_project/caravel/Makefile.l'.
    Trying pattern rule with stem 'Makefile'.
    Trying implicit prerequisite '/home/tonyho/workspace/debug/fsic_caravel_user_project/caravel_user_project/caravel/Makefile.w'.
    Trying pattern rule with stem 'Makefile'.
    Trying implicit prerequisite '/home/tonyho/workspace/debug/fsic_caravel_user_project/caravel_user_project/caravel/Makefile.w'.
    Trying pattern rule with stem 'Makefile.c'.
    Trying implicit prerequisite '/home/tonyho/workspace/debug/fsic_caravel_user_project/caravel_user_project/caravel/Makefile.c,v'.
    Trying pattern rule with stem 'Makefile.c'.
    Trying implicit prerequisite '/home/tonyho/workspace/debug/fsic_caravel_user_project/caravel_user_project/caravel/RCS/Makefile.c,v'.
    Trying pattern rule with stem 'Makefile.c'.
    Trying implicit prerequisite '/home/tonyho/workspace/debug/fsic_caravel_user_project/caravel_user_project/caravel/RCS/Makefile.c'.
    Trying pattern rule with stem 'Makefile.c'.
    Trying implicit prerequisite '/home/tonyho/workspace/debug/fsic_caravel_user_project/caravel_user_project/caravel/s.Makefile.c'.
    Trying pattern rule with stem 'Makefile.c'.
    Trying implicit prerequisite '/home/tonyho/workspace/debug/fsic_caravel_user_project/caravel_user_project/caravel/SCCS/s.Makefile.c'.
    Trying pattern rule with stem 'Makefile'.
    Trying implicit prerequisite '/home/tonyho/workspace/debug/fsic_caravel_user_project/caravel_user_project/caravel/Makefile.y'.
    Looking for a rule with intermediate file '/home/tonyho/workspace/debug/fsic_caravel_user_project/caravel_user_project/caravel/Makefile.y'.
     Avoiding implicit rule recursion.
     Avoiding implicit rule recursion.
     Avoiding implicit rule recursion.
     Trying pattern rule with stem 'Makefile.y'.
     Trying implicit prerequisite '/home/tonyho/workspace/debug/fsic_caravel_user_project/caravel_user_project/caravel/Makefile.y,v'.
     Trying pattern rule with stem 'Makefile.y'.
     Trying implicit prerequisite '/home/tonyho/workspace/debug/fsic_caravel_user_project/caravel_user_project/caravel/RCS/Makefile.y,v'.
     Trying pattern rule with stem 'Makefile.y'.
     Trying implicit prerequisite '/home/tonyho/workspace/debug/fsic_caravel_user_project/caravel_user_project/caravel/RCS/Makefile.y'.
     Trying pattern rule with stem 'Makefile.y'.
     Trying implicit prerequisite '/home/tonyho/workspace/debug/fsic_caravel_user_project/caravel_user_project/caravel/s.Makefile.y'.
     Trying pattern rule with stem 'Makefile.y'.
     Trying implicit prerequisite '/home/tonyho/workspace/debug/fsic_caravel_user_project/caravel_user_project/caravel/SCCS/s.Makefile.y'.
    Trying pattern rule with stem 'Makefile'.
    Trying implicit prerequisite '/home/tonyho/workspace/debug/fsic_caravel_user_project/caravel_user_project/caravel/Makefile.l'.
    Looking for a rule with intermediate file '/home/tonyho/workspace/debug/fsic_caravel_user_project/caravel_user_project/caravel/Makefile.l'.
     Avoiding implicit rule recursion.
     Avoiding implicit rule recursion.
     Avoiding implicit rule recursion.
     Trying pattern rule with stem 'Makefile.l'.
     Trying implicit prerequisite '/home/tonyho/workspace/debug/fsic_caravel_user_project/caravel_user_project/caravel/Makefile.l,v'.
     Trying pattern rule with stem 'Makefile.l'.
     Trying implicit prerequisite '/home/tonyho/workspace/debug/fsic_caravel_user_project/caravel_user_project/caravel/RCS/Makefile.l,v'.
     Trying pattern rule with stem 'Makefile.l'.
     Trying implicit prerequisite '/home/tonyho/workspace/debug/fsic_caravel_user_project/caravel_user_project/caravel/RCS/Makefile.l'.
     Trying pattern rule with stem 'Makefile.l'.
     Trying implicit prerequisite '/home/tonyho/workspace/debug/fsic_caravel_user_project/caravel_user_project/caravel/s.Makefile.l'.
     Trying pattern rule with stem 'Makefile.l'.
     Trying implicit prerequisite '/home/tonyho/workspace/debug/fsic_caravel_user_project/caravel_user_project/caravel/SCCS/s.Makefile.l'.
    Trying pattern rule with stem 'Makefile'.
    Trying implicit prerequisite '/home/tonyho/workspace/debug/fsic_caravel_user_project/caravel_user_project/caravel/Makefile.w'.
    Looking for a rule with intermediate file '/home/tonyho/workspace/debug/fsic_caravel_user_project/caravel_user_project/caravel/Makefile.w'.
     Avoiding implicit rule recursion.
     Avoiding implicit rule recursion.
     Avoiding implicit rule recursion.
     Trying pattern rule with stem 'Makefile.w'.
     Trying implicit prerequisite '/home/tonyho/workspace/debug/fsic_caravel_user_project/caravel_user_project/caravel/Makefile.w,v'.
     Trying pattern rule with stem 'Makefile.w'.
     Trying implicit prerequisite '/home/tonyho/workspace/debug/fsic_caravel_user_project/caravel_user_project/caravel/RCS/Makefile.w,v'.
     Trying pattern rule with stem 'Makefile.w'.
     Trying implicit prerequisite '/home/tonyho/workspace/debug/fsic_caravel_user_project/caravel_user_project/caravel/RCS/Makefile.w'.
     Trying pattern rule with stem 'Makefile.w'.
     Trying implicit prerequisite '/home/tonyho/workspace/debug/fsic_caravel_user_project/caravel_user_project/caravel/s.Makefile.w'.
     Trying pattern rule with stem 'Makefile.w'.
     Trying implicit prerequisite '/home/tonyho/workspace/debug/fsic_caravel_user_project/caravel_user_project/caravel/SCCS/s.Makefile.w'.
    Trying pattern rule with stem 'Makefile'.
    Rejecting impossible implicit prerequisite '/home/tonyho/workspace/debug/fsic_caravel_user_project/caravel_user_project/caravel/Makefile.w'.
   Trying pattern rule with stem 'Makefile'.
   Trying implicit prerequisite '/home/tonyho/workspace/debug/fsic_caravel_user_project/caravel_user_project/caravel/Makefile.cc'.
   Looking for a rule with intermediate file '/home/tonyho/workspace/debug/fsic_caravel_user_project/caravel_user_project/caravel/Makefile.cc'.
    Avoiding implicit rule recursion.
    Avoiding implicit rule recursion.
    Trying pattern rule with stem 'Makefile.cc'.
    Trying implicit prerequisite '/home/tonyho/workspace/debug/fsic_caravel_user_project/caravel_user_project/caravel/Makefile.cc,v'.
    Trying pattern rule with stem 'Makefile.cc'.
    Trying implicit prerequisite '/home/tonyho/workspace/debug/fsic_caravel_user_project/caravel_user_project/caravel/RCS/Makefile.cc,v'.
    Trying pattern rule with stem 'Makefile.cc'.
    Trying implicit prerequisite '/home/tonyho/workspace/debug/fsic_caravel_user_project/caravel_user_project/caravel/RCS/Makefile.cc'.
    Trying pattern rule with stem 'Makefile.cc'.
    Trying implicit prerequisite '/home/tonyho/workspace/debug/fsic_caravel_user_project/caravel_user_project/caravel/s.Makefile.cc'.
    Trying pattern rule with stem 'Makefile.cc'.
    Trying implicit prerequisite '/home/tonyho/workspace/debug/fsic_caravel_user_project/caravel_user_project/caravel/SCCS/s.Makefile.cc'.
   Trying pattern rule with stem 'Makefile'.
   Trying implicit prerequisite '/home/tonyho/workspace/debug/fsic_caravel_user_project/caravel_user_project/caravel/Makefile.C'.
   Looking for a rule with intermediate file '/home/tonyho/workspace/debug/fsic_caravel_user_project/caravel_user_project/caravel/Makefile.C'.
    Avoiding implicit rule recursion.
    Avoiding implicit rule recursion.
    Trying pattern rule with stem 'Makefile.C'.
    Trying implicit prerequisite '/home/tonyho/workspace/debug/fsic_caravel_user_project/caravel_user_project/caravel/Makefile.C,v'.
    Trying pattern rule with stem 'Makefile.C'.
    Trying implicit prerequisite '/home/tonyho/workspace/debug/fsic_caravel_user_project/caravel_user_project/caravel/RCS/Makefile.C,v'.
    Trying pattern rule with stem 'Makefile.C'.
    Trying implicit prerequisite '/home/tonyho/workspace/debug/fsic_caravel_user_project/caravel_user_project/caravel/RCS/Makefile.C'.
    Trying pattern rule with stem 'Makefile.C'.
    Trying implicit prerequisite '/home/tonyho/workspace/debug/fsic_caravel_user_project/caravel_user_project/caravel/s.Makefile.C'.
    Trying pattern rule with stem 'Makefile.C'.
    Trying implicit prerequisite '/home/tonyho/workspace/debug/fsic_caravel_user_project/caravel_user_project/caravel/SCCS/s.Makefile.C'.
   Trying pattern rule with stem 'Makefile'.
   Trying implicit prerequisite '/home/tonyho/workspace/debug/fsic_caravel_user_project/caravel_user_project/caravel/Makefile.cpp'.
   Looking for a rule with intermediate file '/home/tonyho/workspace/debug/fsic_caravel_user_project/caravel_user_project/caravel/Makefile.cpp'.
    Avoiding implicit rule recursion.
    Avoiding implicit rule recursion.
    Trying pattern rule with stem 'Makefile.cpp'.
    Trying implicit prerequisite '/home/tonyho/workspace/debug/fsic_caravel_user_project/caravel_user_project/caravel/Makefile.cpp,v'.
    Trying pattern rule with stem 'Makefile.cpp'.
    Trying implicit prerequisite '/home/tonyho/workspace/debug/fsic_caravel_user_project/caravel_user_project/caravel/RCS/Makefile.cpp,v'.
    Trying pattern rule with stem 'Makefile.cpp'.
    Trying implicit prerequisite '/home/tonyho/workspace/debug/fsic_caravel_user_project/caravel_user_project/caravel/RCS/Makefile.cpp'.
    Trying pattern rule with stem 'Makefile.cpp'.
    Trying implicit prerequisite '/home/tonyho/workspace/debug/fsic_caravel_user_project/caravel_user_project/caravel/s.Makefile.cpp'.
    Trying pattern rule with stem 'Makefile.cpp'.
    Trying implicit prerequisite '/home/tonyho/workspace/debug/fsic_caravel_user_project/caravel_user_project/caravel/SCCS/s.Makefile.cpp'.
   Trying pattern rule with stem 'Makefile'.
   Trying implicit prerequisite '/home/tonyho/workspace/debug/fsic_caravel_user_project/caravel_user_project/caravel/Makefile.p'.
   Looking for a rule with intermediate file '/home/tonyho/workspace/debug/fsic_caravel_user_project/caravel_user_project/caravel/Makefile.p'.
    Avoiding implicit rule recursion.
    Avoiding implicit rule recursion.
    Trying pattern rule with stem 'Makefile'.
    Trying implicit prerequisite '/home/tonyho/workspace/debug/fsic_caravel_user_project/caravel_user_project/caravel/Makefile.web'.
    Trying pattern rule with stem 'Makefile.p'.
    Trying implicit prerequisite '/home/tonyho/workspace/debug/fsic_caravel_user_project/caravel_user_project/caravel/Makefile.p,v'.
    Trying pattern rule with stem 'Makefile.p'.
    Trying implicit prerequisite '/home/tonyho/workspace/debug/fsic_caravel_user_project/caravel_user_project/caravel/RCS/Makefile.p,v'.
    Trying pattern rule with stem 'Makefile.p'.
    Trying implicit prerequisite '/home/tonyho/workspace/debug/fsic_caravel_user_project/caravel_user_project/caravel/RCS/Makefile.p'.
    Trying pattern rule with stem 'Makefile.p'.
    Trying implicit prerequisite '/home/tonyho/workspace/debug/fsic_caravel_user_project/caravel_user_project/caravel/s.Makefile.p'.
    Trying pattern rule with stem 'Makefile.p'.
    Trying implicit prerequisite '/home/tonyho/workspace/debug/fsic_caravel_user_project/caravel_user_project/caravel/SCCS/s.Makefile.p'.
    Trying pattern rule with stem 'Makefile'.
    Trying implicit prerequisite '/home/tonyho/workspace/debug/fsic_caravel_user_project/caravel_user_project/caravel/Makefile.web'.
    Looking for a rule with intermediate file '/home/tonyho/workspace/debug/fsic_caravel_user_project/caravel_user_project/caravel/Makefile.web'.
     Avoiding implicit rule recursion.
     Avoiding implicit rule recursion.
     Avoiding implicit rule recursion.
     Trying pattern rule with stem 'Makefile.web'.
     Trying implicit prerequisite '/home/tonyho/workspace/debug/fsic_caravel_user_project/caravel_user_project/caravel/Makefile.web,v'.
     Trying pattern rule with stem 'Makefile.web'.
     Trying implicit prerequisite '/home/tonyho/workspace/debug/fsic_caravel_user_project/caravel_user_project/caravel/RCS/Makefile.web,v'.
     Trying pattern rule with stem 'Makefile.web'.
     Trying implicit prerequisite '/home/tonyho/workspace/debug/fsic_caravel_user_project/caravel_user_project/caravel/RCS/Makefile.web'.
     Trying pattern rule with stem 'Makefile.web'.
     Trying implicit prerequisite '/home/tonyho/workspace/debug/fsic_caravel_user_project/caravel_user_project/caravel/s.Makefile.web'.
     Trying pattern rule with stem 'Makefile.web'.
     Trying implicit prerequisite '/home/tonyho/workspace/debug/fsic_caravel_user_project/caravel_user_project/caravel/SCCS/s.Makefile.web'.
   Trying pattern rule with stem 'Makefile'.
   Trying implicit prerequisite '/home/tonyho/workspace/debug/fsic_caravel_user_project/caravel_user_project/caravel/Makefile.f'.
   Looking for a rule with intermediate file '/home/tonyho/workspace/debug/fsic_caravel_user_project/caravel_user_project/caravel/Makefile.f'.
    Avoiding implicit rule recursion.
    Avoiding implicit rule recursion.
    Trying pattern rule with stem 'Makefile'.
    Trying implicit prerequisite '/home/tonyho/workspace/debug/fsic_caravel_user_project/caravel_user_project/caravel/Makefile.F'.
    Trying pattern rule with stem 'Makefile'.
    Trying implicit prerequisite '/home/tonyho/workspace/debug/fsic_caravel_user_project/caravel_user_project/caravel/Makefile.r'.
    Trying pattern rule with stem 'Makefile.f'.
    Trying implicit prerequisite '/home/tonyho/workspace/debug/fsic_caravel_user_project/caravel_user_project/caravel/Makefile.f,v'.
    Trying pattern rule with stem 'Makefile.f'.
    Trying implicit prerequisite '/home/tonyho/workspace/debug/fsic_caravel_user_project/caravel_user_project/caravel/RCS/Makefile.f,v'.
    Trying pattern rule with stem 'Makefile.f'.
    Trying implicit prerequisite '/home/tonyho/workspace/debug/fsic_caravel_user_project/caravel_user_project/caravel/RCS/Makefile.f'.
    Trying pattern rule with stem 'Makefile.f'.
    Trying implicit prerequisite '/home/tonyho/workspace/debug/fsic_caravel_user_project/caravel_user_project/caravel/s.Makefile.f'.
    Trying pattern rule with stem 'Makefile.f'.
    Trying implicit prerequisite '/home/tonyho/workspace/debug/fsic_caravel_user_project/caravel_user_project/caravel/SCCS/s.Makefile.f'.
    Trying pattern rule with stem 'Makefile'.
    Trying implicit prerequisite '/home/tonyho/workspace/debug/fsic_caravel_user_project/caravel_user_project/caravel/Makefile.F'.
    Looking for a rule with intermediate file '/home/tonyho/workspace/debug/fsic_caravel_user_project/caravel_user_project/caravel/Makefile.F'.
     Avoiding implicit rule recursion.
     Avoiding implicit rule recursion.
     Avoiding implicit rule recursion.
     Trying pattern rule with stem 'Makefile.F'.
     Trying implicit prerequisite '/home/tonyho/workspace/debug/fsic_caravel_user_project/caravel_user_project/caravel/Makefile.F,v'.
     Trying pattern rule with stem 'Makefile.F'.
     Trying implicit prerequisite '/home/tonyho/workspace/debug/fsic_caravel_user_project/caravel_user_project/caravel/RCS/Makefile.F,v'.
     Trying pattern rule with stem 'Makefile.F'.
     Trying implicit prerequisite '/home/tonyho/workspace/debug/fsic_caravel_user_project/caravel_user_project/caravel/RCS/Makefile.F'.
     Trying pattern rule with stem 'Makefile.F'.
     Trying implicit prerequisite '/home/tonyho/workspace/debug/fsic_caravel_user_project/caravel_user_project/caravel/s.Makefile.F'.
     Trying pattern rule with stem 'Makefile.F'.
     Trying implicit prerequisite '/home/tonyho/workspace/debug/fsic_caravel_user_project/caravel_user_project/caravel/SCCS/s.Makefile.F'.
    Trying pattern rule with stem 'Makefile'.
    Trying implicit prerequisite '/home/tonyho/workspace/debug/fsic_caravel_user_project/caravel_user_project/caravel/Makefile.r'.
    Looking for a rule with intermediate file '/home/tonyho/workspace/debug/fsic_caravel_user_project/caravel_user_project/caravel/Makefile.r'.
     Avoiding implicit rule recursion.
     Avoiding implicit rule recursion.
     Avoiding implicit rule recursion.
     Trying pattern rule with stem 'Makefile'.
     Rejecting impossible implicit prerequisite '/home/tonyho/workspace/debug/fsic_caravel_user_project/caravel_user_project/caravel/Makefile.l'.
     Trying pattern rule with stem 'Makefile.r'.
     Trying implicit prerequisite '/home/tonyho/workspace/debug/fsic_caravel_user_project/caravel_user_project/caravel/Makefile.r,v'.
     Trying pattern rule with stem 'Makefile.r'.
     Trying implicit prerequisite '/home/tonyho/workspace/debug/fsic_caravel_user_project/caravel_user_project/caravel/RCS/Makefile.r,v'.
     Trying pattern rule with stem 'Makefile.r'.
     Trying implicit prerequisite '/home/tonyho/workspace/debug/fsic_caravel_user_project/caravel_user_project/caravel/RCS/Makefile.r'.
     Trying pattern rule with stem 'Makefile.r'.
     Trying implicit prerequisite '/home/tonyho/workspace/debug/fsic_caravel_user_project/caravel_user_project/caravel/s.Makefile.r'.
     Trying pattern rule with stem 'Makefile.r'.
     Trying implicit prerequisite '/home/tonyho/workspace/debug/fsic_caravel_user_project/caravel_user_project/caravel/SCCS/s.Makefile.r'.
   Trying pattern rule with stem 'Makefile'.
   Rejecting impossible implicit prerequisite '/home/tonyho/workspace/debug/fsic_caravel_user_project/caravel_user_project/caravel/Makefile.F'.
   Trying pattern rule with stem 'Makefile'.
   Trying implicit prerequisite '/home/tonyho/workspace/debug/fsic_caravel_user_project/caravel_user_project/caravel/Makefile.m'.
   Looking for a rule with intermediate file '/home/tonyho/workspace/debug/fsic_caravel_user_project/caravel_user_project/caravel/Makefile.m'.
    Avoiding implicit rule recursion.
    Avoiding implicit rule recursion.
    Trying pattern rule with stem 'Makefile'.
    Trying implicit prerequisite '/home/tonyho/workspace/debug/fsic_caravel_user_project/caravel_user_project/caravel/Makefile.ym'.
    Trying pattern rule with stem 'Makefile.m'.
    Trying implicit prerequisite '/home/tonyho/workspace/debug/fsic_caravel_user_project/caravel_user_project/caravel/Makefile.m,v'.
    Trying pattern rule with stem 'Makefile.m'.
    Trying implicit prerequisite '/home/tonyho/workspace/debug/fsic_caravel_user_project/caravel_user_project/caravel/RCS/Makefile.m,v'.
    Trying pattern rule with stem 'Makefile.m'.
    Trying implicit prerequisite '/home/tonyho/workspace/debug/fsic_caravel_user_project/caravel_user_project/caravel/RCS/Makefile.m'.
    Trying pattern rule with stem 'Makefile.m'.
    Trying implicit prerequisite '/home/tonyho/workspace/debug/fsic_caravel_user_project/caravel_user_project/caravel/s.Makefile.m'.
    Trying pattern rule with stem 'Makefile.m'.
    Trying implicit prerequisite '/home/tonyho/workspace/debug/fsic_caravel_user_project/caravel_user_project/caravel/SCCS/s.Makefile.m'.
    Trying pattern rule with stem 'Makefile'.
    Trying implicit prerequisite '/home/tonyho/workspace/debug/fsic_caravel_user_project/caravel_user_project/caravel/Makefile.ym'.
    Looking for a rule with intermediate file '/home/tonyho/workspace/debug/fsic_caravel_user_project/caravel_user_project/caravel/Makefile.ym'.
     Avoiding implicit rule recursion.
     Avoiding implicit rule recursion.
     Avoiding implicit rule recursion.
     Trying pattern rule with stem 'Makefile.ym'.
     Trying implicit prerequisite '/home/tonyho/workspace/debug/fsic_caravel_user_project/caravel_user_project/caravel/Makefile.ym,v'.
     Trying pattern rule with stem 'Makefile.ym'.
     Trying implicit prerequisite '/home/tonyho/workspace/debug/fsic_caravel_user_project/caravel_user_project/caravel/RCS/Makefile.ym,v'.
     Trying pattern rule with stem 'Makefile.ym'.
     Trying implicit prerequisite '/home/tonyho/workspace/debug/fsic_caravel_user_project/caravel_user_project/caravel/RCS/Makefile.ym'.
     Trying pattern rule with stem 'Makefile.ym'.
     Trying implicit prerequisite '/home/tonyho/workspace/debug/fsic_caravel_user_project/caravel_user_project/caravel/s.Makefile.ym'.
     Trying pattern rule with stem 'Makefile.ym'.
     Trying implicit prerequisite '/home/tonyho/workspace/debug/fsic_caravel_user_project/caravel_user_project/caravel/SCCS/s.Makefile.ym'.
   Trying pattern rule with stem 'Makefile'.
   Rejecting impossible implicit prerequisite '/home/tonyho/workspace/debug/fsic_caravel_user_project/caravel_user_project/caravel/Makefile.r'.
   Trying pattern rule with stem 'Makefile'.
   Trying implicit prerequisite '/home/tonyho/workspace/debug/fsic_caravel_user_project/caravel_user_project/caravel/Makefile.s'.
   Looking for a rule with intermediate file '/home/tonyho/workspace/debug/fsic_caravel_user_project/caravel_user_project/caravel/Makefile.s'.
    Avoiding implicit rule recursion.
    Avoiding implicit rule recursion.
    Trying pattern rule with stem 'Makefile'.
    Trying implicit prerequisite '/home/tonyho/workspace/debug/fsic_caravel_user_project/caravel_user_project/caravel/Makefile.S'.
    Trying pattern rule with stem 'Makefile.s'.
    Trying implicit prerequisite '/home/tonyho/workspace/debug/fsic_caravel_user_project/caravel_user_project/caravel/Makefile.s,v'.
    Trying pattern rule with stem 'Makefile.s'.
    Trying implicit prerequisite '/home/tonyho/workspace/debug/fsic_caravel_user_project/caravel_user_project/caravel/RCS/Makefile.s,v'.
    Trying pattern rule with stem 'Makefile.s'.
    Trying implicit prerequisite '/home/tonyho/workspace/debug/fsic_caravel_user_project/caravel_user_project/caravel/RCS/Makefile.s'.
    Trying pattern rule with stem 'Makefile.s'.
    Trying implicit prerequisite '/home/tonyho/workspace/debug/fsic_caravel_user_project/caravel_user_project/caravel/s.Makefile.s'.
    Trying pattern rule with stem 'Makefile.s'.
    Trying implicit prerequisite '/home/tonyho/workspace/debug/fsic_caravel_user_project/caravel_user_project/caravel/SCCS/s.Makefile.s'.
    Trying pattern rule with stem 'Makefile'.
    Trying implicit prerequisite '/home/tonyho/workspace/debug/fsic_caravel_user_project/caravel_user_project/caravel/Makefile.S'.
    Looking for a rule with intermediate file '/home/tonyho/workspace/debug/fsic_caravel_user_project/caravel_user_project/caravel/Makefile.S'.
     Avoiding implicit rule recursion.
     Avoiding implicit rule recursion.
     Avoiding implicit rule recursion.
     Trying pattern rule with stem 'Makefile.S'.
     Trying implicit prerequisite '/home/tonyho/workspace/debug/fsic_caravel_user_project/caravel_user_project/caravel/Makefile.S,v'.
     Trying pattern rule with stem 'Makefile.S'.
     Trying implicit prerequisite '/home/tonyho/workspace/debug/fsic_caravel_user_project/caravel_user_project/caravel/RCS/Makefile.S,v'.
     Trying pattern rule with stem 'Makefile.S'.
     Trying implicit prerequisite '/home/tonyho/workspace/debug/fsic_caravel_user_project/caravel_user_project/caravel/RCS/Makefile.S'.
     Trying pattern rule with stem 'Makefile.S'.
     Trying implicit prerequisite '/home/tonyho/workspace/debug/fsic_caravel_user_project/caravel_user_project/caravel/s.Makefile.S'.
     Trying pattern rule with stem 'Makefile.S'.
     Trying implicit prerequisite '/home/tonyho/workspace/debug/fsic_caravel_user_project/caravel_user_project/caravel/SCCS/s.Makefile.S'.
   Trying pattern rule with stem 'Makefile'.
   Rejecting impossible implicit prerequisite '/home/tonyho/workspace/debug/fsic_caravel_user_project/caravel_user_project/caravel/Makefile.S'.
   Trying pattern rule with stem 'Makefile'.
   Trying implicit prerequisite '/home/tonyho/workspace/debug/fsic_caravel_user_project/caravel_user_project/caravel/Makefile.mod'.
   Looking for a rule with intermediate file '/home/tonyho/workspace/debug/fsic_caravel_user_project/caravel_user_project/caravel/Makefile.mod'.
    Avoiding implicit rule recursion.
    Avoiding implicit rule recursion.
    Trying pattern rule with stem 'Makefile.mod'.
    Trying implicit prerequisite '/home/tonyho/workspace/debug/fsic_caravel_user_project/caravel_user_project/caravel/Makefile.mod,v'.
    Trying pattern rule with stem 'Makefile.mod'.
    Trying implicit prerequisite '/home/tonyho/workspace/debug/fsic_caravel_user_project/caravel_user_project/caravel/RCS/Makefile.mod,v'.
    Trying pattern rule with stem 'Makefile.mod'.
    Trying implicit prerequisite '/home/tonyho/workspace/debug/fsic_caravel_user_project/caravel_user_project/caravel/RCS/Makefile.mod'.
    Trying pattern rule with stem 'Makefile.mod'.
    Trying implicit prerequisite '/home/tonyho/workspace/debug/fsic_caravel_user_project/caravel_user_project/caravel/s.Makefile.mod'.
    Trying pattern rule with stem 'Makefile.mod'.
    Trying implicit prerequisite '/home/tonyho/workspace/debug/fsic_caravel_user_project/caravel_user_project/caravel/SCCS/s.Makefile.mod'.
  Trying pattern rule with stem 'Makefile'.
  Rejecting impossible implicit prerequisite '/home/tonyho/workspace/debug/fsic_caravel_user_project/caravel_user_project/caravel/Makefile.c'.
  Trying pattern rule with stem 'Makefile'.
  Rejecting impossible implicit prerequisite '/home/tonyho/workspace/debug/fsic_caravel_user_project/caravel_user_project/caravel/Makefile.cc'.
  Trying pattern rule with stem 'Makefile'.
  Rejecting impossible implicit prerequisite '/home/tonyho/workspace/debug/fsic_caravel_user_project/caravel_user_project/caravel/Makefile.C'.
  Trying pattern rule with stem 'Makefile'.
  Rejecting impossible implicit prerequisite '/home/tonyho/workspace/debug/fsic_caravel_user_project/caravel_user_project/caravel/Makefile.cpp'.
  Trying pattern rule with stem 'Makefile'.
  Rejecting impossible implicit prerequisite '/home/tonyho/workspace/debug/fsic_caravel_user_project/caravel_user_project/caravel/Makefile.p'.
  Trying pattern rule with stem 'Makefile'.
  Rejecting impossible implicit prerequisite '/home/tonyho/workspace/debug/fsic_caravel_user_project/caravel_user_project/caravel/Makefile.f'.
  Trying pattern rule with stem 'Makefile'.
  Rejecting impossible implicit prerequisite '/home/tonyho/workspace/debug/fsic_caravel_user_project/caravel_user_project/caravel/Makefile.F'.
  Trying pattern rule with stem 'Makefile'.
  Rejecting impossible implicit prerequisite '/home/tonyho/workspace/debug/fsic_caravel_user_project/caravel_user_project/caravel/Makefile.m'.
  Trying pattern rule with stem 'Makefile'.
  Rejecting impossible implicit prerequisite '/home/tonyho/workspace/debug/fsic_caravel_user_project/caravel_user_project/caravel/Makefile.r'.
  Trying pattern rule with stem 'Makefile'.
  Rejecting impossible implicit prerequisite '/home/tonyho/workspace/debug/fsic_caravel_user_project/caravel_user_project/caravel/Makefile.s'.
  Trying pattern rule with stem 'Makefile'.
  Rejecting impossible implicit prerequisite '/home/tonyho/workspace/debug/fsic_caravel_user_project/caravel_user_project/caravel/Makefile.S'.
  Trying pattern rule with stem 'Makefile'.
  Rejecting impossible implicit prerequisite '/home/tonyho/workspace/debug/fsic_caravel_user_project/caravel_user_project/caravel/Makefile.mod'.
  Trying pattern rule with stem 'Makefile'.
  Trying implicit prerequisite '/home/tonyho/workspace/debug/fsic_caravel_user_project/caravel_user_project/caravel/Makefile.sh'.
  Looking for a rule with intermediate file '/home/tonyho/workspace/debug/fsic_caravel_user_project/caravel_user_project/caravel/Makefile.sh'.
   Avoiding implicit rule recursion.
   Trying pattern rule with stem 'Makefile.sh'.
   Trying implicit prerequisite '/home/tonyho/workspace/debug/fsic_caravel_user_project/caravel_user_project/caravel/Makefile.sh,v'.
   Trying pattern rule with stem 'Makefile.sh'.
   Trying implicit prerequisite '/home/tonyho/workspace/debug/fsic_caravel_user_project/caravel_user_project/caravel/RCS/Makefile.sh,v'.
   Trying pattern rule with stem 'Makefile.sh'.
   Trying implicit prerequisite '/home/tonyho/workspace/debug/fsic_caravel_user_project/caravel_user_project/caravel/RCS/Makefile.sh'.
   Trying pattern rule with stem 'Makefile.sh'.
   Trying implicit prerequisite '/home/tonyho/workspace/debug/fsic_caravel_user_project/caravel_user_project/caravel/s.Makefile.sh'.
   Trying pattern rule with stem 'Makefile.sh'.
   Trying implicit prerequisite '/home/tonyho/workspace/debug/fsic_caravel_user_project/caravel_user_project/caravel/SCCS/s.Makefile.sh'.
  No implicit rule found for '/home/tonyho/workspace/debug/fsic_caravel_user_project/caravel_user_project/caravel/Makefile'.
  Finished prerequisites of target file '/home/tonyho/workspace/debug/fsic_caravel_user_project/caravel_user_project/caravel/Makefile'.
 No need to remake target '/home/tonyho/workspace/debug/fsic_caravel_user_project/caravel_user_project/caravel/Makefile'.
Updating goal targets....
Considering target file 'check-env'.
 File 'check-env' does not exist.
 Finished prerequisites of target file 'check-env'.
Must remake target 'check-env'.
Successfully remade target file 'check-env'.
make[1]: Nothing to be done for 'check-env'.
make[1]: Leaving directory '/home/tonyho/workspace/debug/fsic_caravel_user_project/caravel_user_project'
Reaping winning child 0x561844b62560 PID 1802594 
Removing child 0x561844b62560 PID 1802594 from chain.
  Successfully remade target file 'check-env'.
  Considering target file 'install_mcw'.
   File 'install_mcw' does not exist.
   Looking for an implicit rule for 'install_mcw'.
   Trying pattern rule with stem 'install_mcw'.
   Found an implicit rule for 'install_mcw'.
   Finished prerequisites of target file 'install_mcw'.
  Must remake target 'install_mcw'.
export CARAVEL_ROOT=/home/tonyho/workspace/debug/fsic_caravel_user_project/caravel_user_project/caravel && make -f /home/tonyho/workspace/debug/fsic_caravel_user_project/caravel_user_project/caravel/Makefile install_mcw
Putting child 0x561844b5d920 (install_mcw) PID 1802612 on the chain.
Live child 0x561844b5d920 (install_mcw) PID 1802612 
GNU Make 4.2.1
Built for x86_64-pc-linux-gnu
Copyright (C) 1988-2016 Free Software Foundation, Inc.
License GPLv3+: GNU GPL version 3 or later <http://gnu.org/licenses/gpl.html>
This is free software: you are free to change and redistribute it.
There is NO WARRANTY, to the extent permitted by law.
Reading makefiles...
Reading makefile '/home/tonyho/workspace/debug/fsic_caravel_user_project/caravel_user_project/caravel/Makefile'...
make[1]: Entering directory '/home/tonyho/workspace/debug/fsic_caravel_user_project/caravel_user_project'
Updating makefiles....
 Considering target file '/home/tonyho/workspace/debug/fsic_caravel_user_project/caravel_user_project/caravel/Makefile'.
  Looking for an implicit rule for '/home/tonyho/workspace/debug/fsic_caravel_user_project/caravel_user_project/caravel/Makefile'.
  Trying pattern rule with stem 'Makefile'.
  Trying implicit prerequisite '/home/tonyho/workspace/debug/fsic_caravel_user_project/caravel_user_project/caravel/Makefile.o'.
  Trying pattern rule with stem 'Makefile'.
  Trying implicit prerequisite '/home/tonyho/workspace/debug/fsic_caravel_user_project/caravel_user_project/caravel/Makefile.c'.
  Trying pattern rule with stem 'Makefile'.
  Trying implicit prerequisite '/home/tonyho/workspace/debug/fsic_caravel_user_project/caravel_user_project/caravel/Makefile.cc'.
  Trying pattern rule with stem 'Makefile'.
  Trying implicit prerequisite '/home/tonyho/workspace/debug/fsic_caravel_user_project/caravel_user_project/caravel/Makefile.C'.
  Trying pattern rule with stem 'Makefile'.
  Trying implicit prerequisite '/home/tonyho/workspace/debug/fsic_caravel_user_project/caravel_user_project/caravel/Makefile.cpp'.
  Trying pattern rule with stem 'Makefile'.
  Trying implicit prerequisite '/home/tonyho/workspace/debug/fsic_caravel_user_project/caravel_user_project/caravel/Makefile.p'.
  Trying pattern rule with stem 'Makefile'.
  Trying implicit prerequisite '/home/tonyho/workspace/debug/fsic_caravel_user_project/caravel_user_project/caravel/Makefile.f'.
  Trying pattern rule with stem 'Makefile'.
  Trying implicit prerequisite '/home/tonyho/workspace/debug/fsic_caravel_user_project/caravel_user_project/caravel/Makefile.F'.
  Trying pattern rule with stem 'Makefile'.
  Trying implicit prerequisite '/home/tonyho/workspace/debug/fsic_caravel_user_project/caravel_user_project/caravel/Makefile.m'.
  Trying pattern rule with stem 'Makefile'.
  Trying implicit prerequisite '/home/tonyho/workspace/debug/fsic_caravel_user_project/caravel_user_project/caravel/Makefile.r'.
  Trying pattern rule with stem 'Makefile'.
  Trying implicit prerequisite '/home/tonyho/workspace/debug/fsic_caravel_user_project/caravel_user_project/caravel/Makefile.s'.
  Trying pattern rule with stem 'Makefile'.
  Trying implicit prerequisite '/home/tonyho/workspace/debug/fsic_caravel_user_project/caravel_user_project/caravel/Makefile.S'.
  Trying pattern rule with stem 'Makefile'.
  Trying implicit prerequisite '/home/tonyho/workspace/debug/fsic_caravel_user_project/caravel_user_project/caravel/Makefile.mod'.
  Trying pattern rule with stem 'Makefile'.
  Trying implicit prerequisite '/home/tonyho/workspace/debug/fsic_caravel_user_project/caravel_user_project/caravel/Makefile.sh'.
  Trying pattern rule with stem 'Makefile'.
  Trying implicit prerequisite '/home/tonyho/workspace/debug/fsic_caravel_user_project/caravel_user_project/caravel/Makefile,v'.
  Trying pattern rule with stem 'Makefile'.
  Trying implicit prerequisite '/home/tonyho/workspace/debug/fsic_caravel_user_project/caravel_user_project/caravel/RCS/Makefile,v'.
  Trying pattern rule with stem 'Makefile'.
  Trying implicit prerequisite '/home/tonyho/workspace/debug/fsic_caravel_user_project/caravel_user_project/caravel/RCS/Makefile'.
  Trying pattern rule with stem 'Makefile'.
  Trying implicit prerequisite '/home/tonyho/workspace/debug/fsic_caravel_user_project/caravel_user_project/caravel/s.Makefile'.
  Trying pattern rule with stem 'Makefile'.
  Trying implicit prerequisite '/home/tonyho/workspace/debug/fsic_caravel_user_project/caravel_user_project/caravel/SCCS/s.Makefile'.
  Trying pattern rule with stem 'Makefile'.
  Trying implicit prerequisite '/home/tonyho/workspace/debug/fsic_caravel_user_project/caravel_user_project/caravel/Makefile.o'.
  Looking for a rule with intermediate file '/home/tonyho/workspace/debug/fsic_caravel_user_project/caravel_user_project/caravel/Makefile.o'.
   Avoiding implicit rule recursion.
   Trying pattern rule with stem 'Makefile'.
   Trying implicit prerequisite '/home/tonyho/workspace/debug/fsic_caravel_user_project/caravel_user_project/caravel/Makefile.c'.
   Trying pattern rule with stem 'Makefile'.
   Trying implicit prerequisite '/home/tonyho/workspace/debug/fsic_caravel_user_project/caravel_user_project/caravel/Makefile.cc'.
   Trying pattern rule with stem 'Makefile'.
   Trying implicit prerequisite '/home/tonyho/workspace/debug/fsic_caravel_user_project/caravel_user_project/caravel/Makefile.C'.
   Trying pattern rule with stem 'Makefile'.
   Trying implicit prerequisite '/home/tonyho/workspace/debug/fsic_caravel_user_project/caravel_user_project/caravel/Makefile.cpp'.
   Trying pattern rule with stem 'Makefile'.
   Trying implicit prerequisite '/home/tonyho/workspace/debug/fsic_caravel_user_project/caravel_user_project/caravel/Makefile.p'.
   Trying pattern rule with stem 'Makefile'.
   Trying implicit prerequisite '/home/tonyho/workspace/debug/fsic_caravel_user_project/caravel_user_project/caravel/Makefile.f'.
   Trying pattern rule with stem 'Makefile'.
   Trying implicit prerequisite '/home/tonyho/workspace/debug/fsic_caravel_user_project/caravel_user_project/caravel/Makefile.F'.
   Trying pattern rule with stem 'Makefile'.
   Trying implicit prerequisite '/home/tonyho/workspace/debug/fsic_caravel_user_project/caravel_user_project/caravel/Makefile.m'.
   Trying pattern rule with stem 'Makefile'.
   Trying implicit prerequisite '/home/tonyho/workspace/debug/fsic_caravel_user_project/caravel_user_project/caravel/Makefile.r'.
   Trying pattern rule with stem 'Makefile'.
   Trying implicit prerequisite '/home/tonyho/workspace/debug/fsic_caravel_user_project/caravel_user_project/caravel/Makefile.s'.
   Trying pattern rule with stem 'Makefile'.
   Trying implicit prerequisite '/home/tonyho/workspace/debug/fsic_caravel_user_project/caravel_user_project/caravel/Makefile.S'.
   Trying pattern rule with stem 'Makefile'.
   Trying implicit prerequisite '/home/tonyho/workspace/debug/fsic_caravel_user_project/caravel_user_project/caravel/Makefile.mod'.
   Trying pattern rule with stem 'Makefile.o'.
   Trying implicit prerequisite '/home/tonyho/workspace/debug/fsic_caravel_user_project/caravel_user_project/caravel/Makefile.o,v'.
   Trying pattern rule with stem 'Makefile.o'.
   Trying implicit prerequisite '/home/tonyho/workspace/debug/fsic_caravel_user_project/caravel_user_project/caravel/RCS/Makefile.o,v'.
   Trying pattern rule with stem 'Makefile.o'.
   Trying implicit prerequisite '/home/tonyho/workspace/debug/fsic_caravel_user_project/caravel_user_project/caravel/RCS/Makefile.o'.
   Trying pattern rule with stem 'Makefile.o'.
   Trying implicit prerequisite '/home/tonyho/workspace/debug/fsic_caravel_user_project/caravel_user_project/caravel/s.Makefile.o'.
   Trying pattern rule with stem 'Makefile.o'.
   Trying implicit prerequisite '/home/tonyho/workspace/debug/fsic_caravel_user_project/caravel_user_project/caravel/SCCS/s.Makefile.o'.
   Trying pattern rule with stem 'Makefile'.
   Trying implicit prerequisite '/home/tonyho/workspace/debug/fsic_caravel_user_project/caravel_user_project/caravel/Makefile.c'.
   Looking for a rule with intermediate file '/home/tonyho/workspace/debug/fsic_caravel_user_project/caravel_user_project/caravel/Makefile.c'.
    Avoiding implicit rule recursion.
    Avoiding implicit rule recursion.
    Trying pattern rule with stem 'Makefile'.
    Trying implicit prerequisite '/home/tonyho/workspace/debug/fsic_caravel_user_project/caravel_user_project/caravel/Makefile.y'.
    Trying pattern rule with stem 'Makefile'.
    Trying implicit prerequisite '/home/tonyho/workspace/debug/fsic_caravel_user_project/caravel_user_project/caravel/Makefile.l'.
    Trying pattern rule with stem 'Makefile'.
    Trying implicit prerequisite '/home/tonyho/workspace/debug/fsic_caravel_user_project/caravel_user_project/caravel/Makefile.w'.
    Trying pattern rule with stem 'Makefile'.
    Trying implicit prerequisite '/home/tonyho/workspace/debug/fsic_caravel_user_project/caravel_user_project/caravel/Makefile.w'.
    Trying pattern rule with stem 'Makefile.c'.
    Trying implicit prerequisite '/home/tonyho/workspace/debug/fsic_caravel_user_project/caravel_user_project/caravel/Makefile.c,v'.
    Trying pattern rule with stem 'Makefile.c'.
    Trying implicit prerequisite '/home/tonyho/workspace/debug/fsic_caravel_user_project/caravel_user_project/caravel/RCS/Makefile.c,v'.
    Trying pattern rule with stem 'Makefile.c'.
    Trying implicit prerequisite '/home/tonyho/workspace/debug/fsic_caravel_user_project/caravel_user_project/caravel/RCS/Makefile.c'.
    Trying pattern rule with stem 'Makefile.c'.
    Trying implicit prerequisite '/home/tonyho/workspace/debug/fsic_caravel_user_project/caravel_user_project/caravel/s.Makefile.c'.
    Trying pattern rule with stem 'Makefile.c'.
    Trying implicit prerequisite '/home/tonyho/workspace/debug/fsic_caravel_user_project/caravel_user_project/caravel/SCCS/s.Makefile.c'.
    Trying pattern rule with stem 'Makefile'.
    Trying implicit prerequisite '/home/tonyho/workspace/debug/fsic_caravel_user_project/caravel_user_project/caravel/Makefile.y'.
    Looking for a rule with intermediate file '/home/tonyho/workspace/debug/fsic_caravel_user_project/caravel_user_project/caravel/Makefile.y'.
     Avoiding implicit rule recursion.
     Avoiding implicit rule recursion.
     Avoiding implicit rule recursion.
     Trying pattern rule with stem 'Makefile.y'.
     Trying implicit prerequisite '/home/tonyho/workspace/debug/fsic_caravel_user_project/caravel_user_project/caravel/Makefile.y,v'.
     Trying pattern rule with stem 'Makefile.y'.
     Trying implicit prerequisite '/home/tonyho/workspace/debug/fsic_caravel_user_project/caravel_user_project/caravel/RCS/Makefile.y,v'.
     Trying pattern rule with stem 'Makefile.y'.
     Trying implicit prerequisite '/home/tonyho/workspace/debug/fsic_caravel_user_project/caravel_user_project/caravel/RCS/Makefile.y'.
     Trying pattern rule with stem 'Makefile.y'.
     Trying implicit prerequisite '/home/tonyho/workspace/debug/fsic_caravel_user_project/caravel_user_project/caravel/s.Makefile.y'.
     Trying pattern rule with stem 'Makefile.y'.
     Trying implicit prerequisite '/home/tonyho/workspace/debug/fsic_caravel_user_project/caravel_user_project/caravel/SCCS/s.Makefile.y'.
    Trying pattern rule with stem 'Makefile'.
    Trying implicit prerequisite '/home/tonyho/workspace/debug/fsic_caravel_user_project/caravel_user_project/caravel/Makefile.l'.
    Looking for a rule with intermediate file '/home/tonyho/workspace/debug/fsic_caravel_user_project/caravel_user_project/caravel/Makefile.l'.
     Avoiding implicit rule recursion.
     Avoiding implicit rule recursion.
     Avoiding implicit rule recursion.
     Trying pattern rule with stem 'Makefile.l'.
     Trying implicit prerequisite '/home/tonyho/workspace/debug/fsic_caravel_user_project/caravel_user_project/caravel/Makefile.l,v'.
     Trying pattern rule with stem 'Makefile.l'.
     Trying implicit prerequisite '/home/tonyho/workspace/debug/fsic_caravel_user_project/caravel_user_project/caravel/RCS/Makefile.l,v'.
     Trying pattern rule with stem 'Makefile.l'.
     Trying implicit prerequisite '/home/tonyho/workspace/debug/fsic_caravel_user_project/caravel_user_project/caravel/RCS/Makefile.l'.
     Trying pattern rule with stem 'Makefile.l'.
     Trying implicit prerequisite '/home/tonyho/workspace/debug/fsic_caravel_user_project/caravel_user_project/caravel/s.Makefile.l'.
     Trying pattern rule with stem 'Makefile.l'.
     Trying implicit prerequisite '/home/tonyho/workspace/debug/fsic_caravel_user_project/caravel_user_project/caravel/SCCS/s.Makefile.l'.
    Trying pattern rule with stem 'Makefile'.
    Trying implicit prerequisite '/home/tonyho/workspace/debug/fsic_caravel_user_project/caravel_user_project/caravel/Makefile.w'.
    Looking for a rule with intermediate file '/home/tonyho/workspace/debug/fsic_caravel_user_project/caravel_user_project/caravel/Makefile.w'.
     Avoiding implicit rule recursion.
     Avoiding implicit rule recursion.
     Avoiding implicit rule recursion.
     Trying pattern rule with stem 'Makefile.w'.
     Trying implicit prerequisite '/home/tonyho/workspace/debug/fsic_caravel_user_project/caravel_user_project/caravel/Makefile.w,v'.
     Trying pattern rule with stem 'Makefile.w'.
     Trying implicit prerequisite '/home/tonyho/workspace/debug/fsic_caravel_user_project/caravel_user_project/caravel/RCS/Makefile.w,v'.
     Trying pattern rule with stem 'Makefile.w'.
     Trying implicit prerequisite '/home/tonyho/workspace/debug/fsic_caravel_user_project/caravel_user_project/caravel/RCS/Makefile.w'.
     Trying pattern rule with stem 'Makefile.w'.
     Trying implicit prerequisite '/home/tonyho/workspace/debug/fsic_caravel_user_project/caravel_user_project/caravel/s.Makefile.w'.
     Trying pattern rule with stem 'Makefile.w'.
     Trying implicit prerequisite '/home/tonyho/workspace/debug/fsic_caravel_user_project/caravel_user_project/caravel/SCCS/s.Makefile.w'.
    Trying pattern rule with stem 'Makefile'.
    Rejecting impossible implicit prerequisite '/home/tonyho/workspace/debug/fsic_caravel_user_project/caravel_user_project/caravel/Makefile.w'.
   Trying pattern rule with stem 'Makefile'.
   Trying implicit prerequisite '/home/tonyho/workspace/debug/fsic_caravel_user_project/caravel_user_project/caravel/Makefile.cc'.
   Looking for a rule with intermediate file '/home/tonyho/workspace/debug/fsic_caravel_user_project/caravel_user_project/caravel/Makefile.cc'.
    Avoiding implicit rule recursion.
    Avoiding implicit rule recursion.
    Trying pattern rule with stem 'Makefile.cc'.
    Trying implicit prerequisite '/home/tonyho/workspace/debug/fsic_caravel_user_project/caravel_user_project/caravel/Makefile.cc,v'.
    Trying pattern rule with stem 'Makefile.cc'.
    Trying implicit prerequisite '/home/tonyho/workspace/debug/fsic_caravel_user_project/caravel_user_project/caravel/RCS/Makefile.cc,v'.
    Trying pattern rule with stem 'Makefile.cc'.
    Trying implicit prerequisite '/home/tonyho/workspace/debug/fsic_caravel_user_project/caravel_user_project/caravel/RCS/Makefile.cc'.
    Trying pattern rule with stem 'Makefile.cc'.
    Trying implicit prerequisite '/home/tonyho/workspace/debug/fsic_caravel_user_project/caravel_user_project/caravel/s.Makefile.cc'.
    Trying pattern rule with stem 'Makefile.cc'.
    Trying implicit prerequisite '/home/tonyho/workspace/debug/fsic_caravel_user_project/caravel_user_project/caravel/SCCS/s.Makefile.cc'.
   Trying pattern rule with stem 'Makefile'.
   Trying implicit prerequisite '/home/tonyho/workspace/debug/fsic_caravel_user_project/caravel_user_project/caravel/Makefile.C'.
   Looking for a rule with intermediate file '/home/tonyho/workspace/debug/fsic_caravel_user_project/caravel_user_project/caravel/Makefile.C'.
    Avoiding implicit rule recursion.
    Avoiding implicit rule recursion.
    Trying pattern rule with stem 'Makefile.C'.
    Trying implicit prerequisite '/home/tonyho/workspace/debug/fsic_caravel_user_project/caravel_user_project/caravel/Makefile.C,v'.
    Trying pattern rule with stem 'Makefile.C'.
    Trying implicit prerequisite '/home/tonyho/workspace/debug/fsic_caravel_user_project/caravel_user_project/caravel/RCS/Makefile.C,v'.
    Trying pattern rule with stem 'Makefile.C'.
    Trying implicit prerequisite '/home/tonyho/workspace/debug/fsic_caravel_user_project/caravel_user_project/caravel/RCS/Makefile.C'.
    Trying pattern rule with stem 'Makefile.C'.
    Trying implicit prerequisite '/home/tonyho/workspace/debug/fsic_caravel_user_project/caravel_user_project/caravel/s.Makefile.C'.
    Trying pattern rule with stem 'Makefile.C'.
    Trying implicit prerequisite '/home/tonyho/workspace/debug/fsic_caravel_user_project/caravel_user_project/caravel/SCCS/s.Makefile.C'.
   Trying pattern rule with stem 'Makefile'.
   Trying implicit prerequisite '/home/tonyho/workspace/debug/fsic_caravel_user_project/caravel_user_project/caravel/Makefile.cpp'.
   Looking for a rule with intermediate file '/home/tonyho/workspace/debug/fsic_caravel_user_project/caravel_user_project/caravel/Makefile.cpp'.
    Avoiding implicit rule recursion.
    Avoiding implicit rule recursion.
    Trying pattern rule with stem 'Makefile.cpp'.
    Trying implicit prerequisite '/home/tonyho/workspace/debug/fsic_caravel_user_project/caravel_user_project/caravel/Makefile.cpp,v'.
    Trying pattern rule with stem 'Makefile.cpp'.
    Trying implicit prerequisite '/home/tonyho/workspace/debug/fsic_caravel_user_project/caravel_user_project/caravel/RCS/Makefile.cpp,v'.
    Trying pattern rule with stem 'Makefile.cpp'.
    Trying implicit prerequisite '/home/tonyho/workspace/debug/fsic_caravel_user_project/caravel_user_project/caravel/RCS/Makefile.cpp'.
    Trying pattern rule with stem 'Makefile.cpp'.
    Trying implicit prerequisite '/home/tonyho/workspace/debug/fsic_caravel_user_project/caravel_user_project/caravel/s.Makefile.cpp'.
    Trying pattern rule with stem 'Makefile.cpp'.
    Trying implicit prerequisite '/home/tonyho/workspace/debug/fsic_caravel_user_project/caravel_user_project/caravel/SCCS/s.Makefile.cpp'.
   Trying pattern rule with stem 'Makefile'.
   Trying implicit prerequisite '/home/tonyho/workspace/debug/fsic_caravel_user_project/caravel_user_project/caravel/Makefile.p'.
   Looking for a rule with intermediate file '/home/tonyho/workspace/debug/fsic_caravel_user_project/caravel_user_project/caravel/Makefile.p'.
    Avoiding implicit rule recursion.
    Avoiding implicit rule recursion.
    Trying pattern rule with stem 'Makefile'.
    Trying implicit prerequisite '/home/tonyho/workspace/debug/fsic_caravel_user_project/caravel_user_project/caravel/Makefile.web'.
    Trying pattern rule with stem 'Makefile.p'.
    Trying implicit prerequisite '/home/tonyho/workspace/debug/fsic_caravel_user_project/caravel_user_project/caravel/Makefile.p,v'.
    Trying pattern rule with stem 'Makefile.p'.
    Trying implicit prerequisite '/home/tonyho/workspace/debug/fsic_caravel_user_project/caravel_user_project/caravel/RCS/Makefile.p,v'.
    Trying pattern rule with stem 'Makefile.p'.
    Trying implicit prerequisite '/home/tonyho/workspace/debug/fsic_caravel_user_project/caravel_user_project/caravel/RCS/Makefile.p'.
    Trying pattern rule with stem 'Makefile.p'.
    Trying implicit prerequisite '/home/tonyho/workspace/debug/fsic_caravel_user_project/caravel_user_project/caravel/s.Makefile.p'.
    Trying pattern rule with stem 'Makefile.p'.
    Trying implicit prerequisite '/home/tonyho/workspace/debug/fsic_caravel_user_project/caravel_user_project/caravel/SCCS/s.Makefile.p'.
    Trying pattern rule with stem 'Makefile'.
    Trying implicit prerequisite '/home/tonyho/workspace/debug/fsic_caravel_user_project/caravel_user_project/caravel/Makefile.web'.
    Looking for a rule with intermediate file '/home/tonyho/workspace/debug/fsic_caravel_user_project/caravel_user_project/caravel/Makefile.web'.
     Avoiding implicit rule recursion.
     Avoiding implicit rule recursion.
     Avoiding implicit rule recursion.
     Trying pattern rule with stem 'Makefile.web'.
     Trying implicit prerequisite '/home/tonyho/workspace/debug/fsic_caravel_user_project/caravel_user_project/caravel/Makefile.web,v'.
     Trying pattern rule with stem 'Makefile.web'.
     Trying implicit prerequisite '/home/tonyho/workspace/debug/fsic_caravel_user_project/caravel_user_project/caravel/RCS/Makefile.web,v'.
     Trying pattern rule with stem 'Makefile.web'.
     Trying implicit prerequisite '/home/tonyho/workspace/debug/fsic_caravel_user_project/caravel_user_project/caravel/RCS/Makefile.web'.
     Trying pattern rule with stem 'Makefile.web'.
     Trying implicit prerequisite '/home/tonyho/workspace/debug/fsic_caravel_user_project/caravel_user_project/caravel/s.Makefile.web'.
     Trying pattern rule with stem 'Makefile.web'.
     Trying implicit prerequisite '/home/tonyho/workspace/debug/fsic_caravel_user_project/caravel_user_project/caravel/SCCS/s.Makefile.web'.
   Trying pattern rule with stem 'Makefile'.
   Trying implicit prerequisite '/home/tonyho/workspace/debug/fsic_caravel_user_project/caravel_user_project/caravel/Makefile.f'.
   Looking for a rule with intermediate file '/home/tonyho/workspace/debug/fsic_caravel_user_project/caravel_user_project/caravel/Makefile.f'.
    Avoiding implicit rule recursion.
    Avoiding implicit rule recursion.
    Trying pattern rule with stem 'Makefile'.
    Trying implicit prerequisite '/home/tonyho/workspace/debug/fsic_caravel_user_project/caravel_user_project/caravel/Makefile.F'.
    Trying pattern rule with stem 'Makefile'.
    Trying implicit prerequisite '/home/tonyho/workspace/debug/fsic_caravel_user_project/caravel_user_project/caravel/Makefile.r'.
    Trying pattern rule with stem 'Makefile.f'.
    Trying implicit prerequisite '/home/tonyho/workspace/debug/fsic_caravel_user_project/caravel_user_project/caravel/Makefile.f,v'.
    Trying pattern rule with stem 'Makefile.f'.
    Trying implicit prerequisite '/home/tonyho/workspace/debug/fsic_caravel_user_project/caravel_user_project/caravel/RCS/Makefile.f,v'.
    Trying pattern rule with stem 'Makefile.f'.
    Trying implicit prerequisite '/home/tonyho/workspace/debug/fsic_caravel_user_project/caravel_user_project/caravel/RCS/Makefile.f'.
    Trying pattern rule with stem 'Makefile.f'.
    Trying implicit prerequisite '/home/tonyho/workspace/debug/fsic_caravel_user_project/caravel_user_project/caravel/s.Makefile.f'.
    Trying pattern rule with stem 'Makefile.f'.
    Trying implicit prerequisite '/home/tonyho/workspace/debug/fsic_caravel_user_project/caravel_user_project/caravel/SCCS/s.Makefile.f'.
    Trying pattern rule with stem 'Makefile'.
    Trying implicit prerequisite '/home/tonyho/workspace/debug/fsic_caravel_user_project/caravel_user_project/caravel/Makefile.F'.
    Looking for a rule with intermediate file '/home/tonyho/workspace/debug/fsic_caravel_user_project/caravel_user_project/caravel/Makefile.F'.
     Avoiding implicit rule recursion.
     Avoiding implicit rule recursion.
     Avoiding implicit rule recursion.
     Trying pattern rule with stem 'Makefile.F'.
     Trying implicit prerequisite '/home/tonyho/workspace/debug/fsic_caravel_user_project/caravel_user_project/caravel/Makefile.F,v'.
     Trying pattern rule with stem 'Makefile.F'.
     Trying implicit prerequisite '/home/tonyho/workspace/debug/fsic_caravel_user_project/caravel_user_project/caravel/RCS/Makefile.F,v'.
     Trying pattern rule with stem 'Makefile.F'.
     Trying implicit prerequisite '/home/tonyho/workspace/debug/fsic_caravel_user_project/caravel_user_project/caravel/RCS/Makefile.F'.
     Trying pattern rule with stem 'Makefile.F'.
     Trying implicit prerequisite '/home/tonyho/workspace/debug/fsic_caravel_user_project/caravel_user_project/caravel/s.Makefile.F'.
     Trying pattern rule with stem 'Makefile.F'.
     Trying implicit prerequisite '/home/tonyho/workspace/debug/fsic_caravel_user_project/caravel_user_project/caravel/SCCS/s.Makefile.F'.
    Trying pattern rule with stem 'Makefile'.
    Trying implicit prerequisite '/home/tonyho/workspace/debug/fsic_caravel_user_project/caravel_user_project/caravel/Makefile.r'.
    Looking for a rule with intermediate file '/home/tonyho/workspace/debug/fsic_caravel_user_project/caravel_user_project/caravel/Makefile.r'.
     Avoiding implicit rule recursion.
     Avoiding implicit rule recursion.
     Avoiding implicit rule recursion.
     Trying pattern rule with stem 'Makefile'.
     Rejecting impossible implicit prerequisite '/home/tonyho/workspace/debug/fsic_caravel_user_project/caravel_user_project/caravel/Makefile.l'.
     Trying pattern rule with stem 'Makefile.r'.
     Trying implicit prerequisite '/home/tonyho/workspace/debug/fsic_caravel_user_project/caravel_user_project/caravel/Makefile.r,v'.
     Trying pattern rule with stem 'Makefile.r'.
     Trying implicit prerequisite '/home/tonyho/workspace/debug/fsic_caravel_user_project/caravel_user_project/caravel/RCS/Makefile.r,v'.
     Trying pattern rule with stem 'Makefile.r'.
     Trying implicit prerequisite '/home/tonyho/workspace/debug/fsic_caravel_user_project/caravel_user_project/caravel/RCS/Makefile.r'.
     Trying pattern rule with stem 'Makefile.r'.
     Trying implicit prerequisite '/home/tonyho/workspace/debug/fsic_caravel_user_project/caravel_user_project/caravel/s.Makefile.r'.
     Trying pattern rule with stem 'Makefile.r'.
     Trying implicit prerequisite '/home/tonyho/workspace/debug/fsic_caravel_user_project/caravel_user_project/caravel/SCCS/s.Makefile.r'.
   Trying pattern rule with stem 'Makefile'.
   Rejecting impossible implicit prerequisite '/home/tonyho/workspace/debug/fsic_caravel_user_project/caravel_user_project/caravel/Makefile.F'.
   Trying pattern rule with stem 'Makefile'.
   Trying implicit prerequisite '/home/tonyho/workspace/debug/fsic_caravel_user_project/caravel_user_project/caravel/Makefile.m'.
   Looking for a rule with intermediate file '/home/tonyho/workspace/debug/fsic_caravel_user_project/caravel_user_project/caravel/Makefile.m'.
    Avoiding implicit rule recursion.
    Avoiding implicit rule recursion.
    Trying pattern rule with stem 'Makefile'.
    Trying implicit prerequisite '/home/tonyho/workspace/debug/fsic_caravel_user_project/caravel_user_project/caravel/Makefile.ym'.
    Trying pattern rule with stem 'Makefile.m'.
    Trying implicit prerequisite '/home/tonyho/workspace/debug/fsic_caravel_user_project/caravel_user_project/caravel/Makefile.m,v'.
    Trying pattern rule with stem 'Makefile.m'.
    Trying implicit prerequisite '/home/tonyho/workspace/debug/fsic_caravel_user_project/caravel_user_project/caravel/RCS/Makefile.m,v'.
    Trying pattern rule with stem 'Makefile.m'.
    Trying implicit prerequisite '/home/tonyho/workspace/debug/fsic_caravel_user_project/caravel_user_project/caravel/RCS/Makefile.m'.
    Trying pattern rule with stem 'Makefile.m'.
    Trying implicit prerequisite '/home/tonyho/workspace/debug/fsic_caravel_user_project/caravel_user_project/caravel/s.Makefile.m'.
    Trying pattern rule with stem 'Makefile.m'.
    Trying implicit prerequisite '/home/tonyho/workspace/debug/fsic_caravel_user_project/caravel_user_project/caravel/SCCS/s.Makefile.m'.
    Trying pattern rule with stem 'Makefile'.
    Trying implicit prerequisite '/home/tonyho/workspace/debug/fsic_caravel_user_project/caravel_user_project/caravel/Makefile.ym'.
    Looking for a rule with intermediate file '/home/tonyho/workspace/debug/fsic_caravel_user_project/caravel_user_project/caravel/Makefile.ym'.
     Avoiding implicit rule recursion.
     Avoiding implicit rule recursion.
     Avoiding implicit rule recursion.
     Trying pattern rule with stem 'Makefile.ym'.
     Trying implicit prerequisite '/home/tonyho/workspace/debug/fsic_caravel_user_project/caravel_user_project/caravel/Makefile.ym,v'.
     Trying pattern rule with stem 'Makefile.ym'.
     Trying implicit prerequisite '/home/tonyho/workspace/debug/fsic_caravel_user_project/caravel_user_project/caravel/RCS/Makefile.ym,v'.
     Trying pattern rule with stem 'Makefile.ym'.
     Trying implicit prerequisite '/home/tonyho/workspace/debug/fsic_caravel_user_project/caravel_user_project/caravel/RCS/Makefile.ym'.
     Trying pattern rule with stem 'Makefile.ym'.
     Trying implicit prerequisite '/home/tonyho/workspace/debug/fsic_caravel_user_project/caravel_user_project/caravel/s.Makefile.ym'.
     Trying pattern rule with stem 'Makefile.ym'.
     Trying implicit prerequisite '/home/tonyho/workspace/debug/fsic_caravel_user_project/caravel_user_project/caravel/SCCS/s.Makefile.ym'.
   Trying pattern rule with stem 'Makefile'.
   Rejecting impossible implicit prerequisite '/home/tonyho/workspace/debug/fsic_caravel_user_project/caravel_user_project/caravel/Makefile.r'.
   Trying pattern rule with stem 'Makefile'.
   Trying implicit prerequisite '/home/tonyho/workspace/debug/fsic_caravel_user_project/caravel_user_project/caravel/Makefile.s'.
   Looking for a rule with intermediate file '/home/tonyho/workspace/debug/fsic_caravel_user_project/caravel_user_project/caravel/Makefile.s'.
    Avoiding implicit rule recursion.
    Avoiding implicit rule recursion.
    Trying pattern rule with stem 'Makefile'.
    Trying implicit prerequisite '/home/tonyho/workspace/debug/fsic_caravel_user_project/caravel_user_project/caravel/Makefile.S'.
    Trying pattern rule with stem 'Makefile.s'.
    Trying implicit prerequisite '/home/tonyho/workspace/debug/fsic_caravel_user_project/caravel_user_project/caravel/Makefile.s,v'.
    Trying pattern rule with stem 'Makefile.s'.
    Trying implicit prerequisite '/home/tonyho/workspace/debug/fsic_caravel_user_project/caravel_user_project/caravel/RCS/Makefile.s,v'.
    Trying pattern rule with stem 'Makefile.s'.
    Trying implicit prerequisite '/home/tonyho/workspace/debug/fsic_caravel_user_project/caravel_user_project/caravel/RCS/Makefile.s'.
    Trying pattern rule with stem 'Makefile.s'.
    Trying implicit prerequisite '/home/tonyho/workspace/debug/fsic_caravel_user_project/caravel_user_project/caravel/s.Makefile.s'.
    Trying pattern rule with stem 'Makefile.s'.
    Trying implicit prerequisite '/home/tonyho/workspace/debug/fsic_caravel_user_project/caravel_user_project/caravel/SCCS/s.Makefile.s'.
    Trying pattern rule with stem 'Makefile'.
    Trying implicit prerequisite '/home/tonyho/workspace/debug/fsic_caravel_user_project/caravel_user_project/caravel/Makefile.S'.
    Looking for a rule with intermediate file '/home/tonyho/workspace/debug/fsic_caravel_user_project/caravel_user_project/caravel/Makefile.S'.
     Avoiding implicit rule recursion.
     Avoiding implicit rule recursion.
     Avoiding implicit rule recursion.
     Trying pattern rule with stem 'Makefile.S'.
     Trying implicit prerequisite '/home/tonyho/workspace/debug/fsic_caravel_user_project/caravel_user_project/caravel/Makefile.S,v'.
     Trying pattern rule with stem 'Makefile.S'.
     Trying implicit prerequisite '/home/tonyho/workspace/debug/fsic_caravel_user_project/caravel_user_project/caravel/RCS/Makefile.S,v'.
     Trying pattern rule with stem 'Makefile.S'.
     Trying implicit prerequisite '/home/tonyho/workspace/debug/fsic_caravel_user_project/caravel_user_project/caravel/RCS/Makefile.S'.
     Trying pattern rule with stem 'Makefile.S'.
     Trying implicit prerequisite '/home/tonyho/workspace/debug/fsic_caravel_user_project/caravel_user_project/caravel/s.Makefile.S'.
     Trying pattern rule with stem 'Makefile.S'.
     Trying implicit prerequisite '/home/tonyho/workspace/debug/fsic_caravel_user_project/caravel_user_project/caravel/SCCS/s.Makefile.S'.
   Trying pattern rule with stem 'Makefile'.
   Rejecting impossible implicit prerequisite '/home/tonyho/workspace/debug/fsic_caravel_user_project/caravel_user_project/caravel/Makefile.S'.
   Trying pattern rule with stem 'Makefile'.
   Trying implicit prerequisite '/home/tonyho/workspace/debug/fsic_caravel_user_project/caravel_user_project/caravel/Makefile.mod'.
   Looking for a rule with intermediate file '/home/tonyho/workspace/debug/fsic_caravel_user_project/caravel_user_project/caravel/Makefile.mod'.
    Avoiding implicit rule recursion.
    Avoiding implicit rule recursion.
    Trying pattern rule with stem 'Makefile.mod'.
    Trying implicit prerequisite '/home/tonyho/workspace/debug/fsic_caravel_user_project/caravel_user_project/caravel/Makefile.mod,v'.
    Trying pattern rule with stem 'Makefile.mod'.
    Trying implicit prerequisite '/home/tonyho/workspace/debug/fsic_caravel_user_project/caravel_user_project/caravel/RCS/Makefile.mod,v'.
    Trying pattern rule with stem 'Makefile.mod'.
    Trying implicit prerequisite '/home/tonyho/workspace/debug/fsic_caravel_user_project/caravel_user_project/caravel/RCS/Makefile.mod'.
    Trying pattern rule with stem 'Makefile.mod'.
    Trying implicit prerequisite '/home/tonyho/workspace/debug/fsic_caravel_user_project/caravel_user_project/caravel/s.Makefile.mod'.
    Trying pattern rule with stem 'Makefile.mod'.
    Trying implicit prerequisite '/home/tonyho/workspace/debug/fsic_caravel_user_project/caravel_user_project/caravel/SCCS/s.Makefile.mod'.
  Trying pattern rule with stem 'Makefile'.
  Rejecting impossible implicit prerequisite '/home/tonyho/workspace/debug/fsic_caravel_user_project/caravel_user_project/caravel/Makefile.c'.
  Trying pattern rule with stem 'Makefile'.
  Rejecting impossible implicit prerequisite '/home/tonyho/workspace/debug/fsic_caravel_user_project/caravel_user_project/caravel/Makefile.cc'.
  Trying pattern rule with stem 'Makefile'.
  Rejecting impossible implicit prerequisite '/home/tonyho/workspace/debug/fsic_caravel_user_project/caravel_user_project/caravel/Makefile.C'.
  Trying pattern rule with stem 'Makefile'.
  Rejecting impossible implicit prerequisite '/home/tonyho/workspace/debug/fsic_caravel_user_project/caravel_user_project/caravel/Makefile.cpp'.
  Trying pattern rule with stem 'Makefile'.
  Rejecting impossible implicit prerequisite '/home/tonyho/workspace/debug/fsic_caravel_user_project/caravel_user_project/caravel/Makefile.p'.
  Trying pattern rule with stem 'Makefile'.
  Rejecting impossible implicit prerequisite '/home/tonyho/workspace/debug/fsic_caravel_user_project/caravel_user_project/caravel/Makefile.f'.
  Trying pattern rule with stem 'Makefile'.
  Rejecting impossible implicit prerequisite '/home/tonyho/workspace/debug/fsic_caravel_user_project/caravel_user_project/caravel/Makefile.F'.
  Trying pattern rule with stem 'Makefile'.
  Rejecting impossible implicit prerequisite '/home/tonyho/workspace/debug/fsic_caravel_user_project/caravel_user_project/caravel/Makefile.m'.
  Trying pattern rule with stem 'Makefile'.
  Rejecting impossible implicit prerequisite '/home/tonyho/workspace/debug/fsic_caravel_user_project/caravel_user_project/caravel/Makefile.r'.
  Trying pattern rule with stem 'Makefile'.
  Rejecting impossible implicit prerequisite '/home/tonyho/workspace/debug/fsic_caravel_user_project/caravel_user_project/caravel/Makefile.s'.
  Trying pattern rule with stem 'Makefile'.
  Rejecting impossible implicit prerequisite '/home/tonyho/workspace/debug/fsic_caravel_user_project/caravel_user_project/caravel/Makefile.S'.
  Trying pattern rule with stem 'Makefile'.
  Rejecting impossible implicit prerequisite '/home/tonyho/workspace/debug/fsic_caravel_user_project/caravel_user_project/caravel/Makefile.mod'.
  Trying pattern rule with stem 'Makefile'.
  Trying implicit prerequisite '/home/tonyho/workspace/debug/fsic_caravel_user_project/caravel_user_project/caravel/Makefile.sh'.
  Looking for a rule with intermediate file '/home/tonyho/workspace/debug/fsic_caravel_user_project/caravel_user_project/caravel/Makefile.sh'.
   Avoiding implicit rule recursion.
   Trying pattern rule with stem 'Makefile.sh'.
   Trying implicit prerequisite '/home/tonyho/workspace/debug/fsic_caravel_user_project/caravel_user_project/caravel/Makefile.sh,v'.
   Trying pattern rule with stem 'Makefile.sh'.
   Trying implicit prerequisite '/home/tonyho/workspace/debug/fsic_caravel_user_project/caravel_user_project/caravel/RCS/Makefile.sh,v'.
   Trying pattern rule with stem 'Makefile.sh'.
   Trying implicit prerequisite '/home/tonyho/workspace/debug/fsic_caravel_user_project/caravel_user_project/caravel/RCS/Makefile.sh'.
   Trying pattern rule with stem 'Makefile.sh'.
   Trying implicit prerequisite '/home/tonyho/workspace/debug/fsic_caravel_user_project/caravel_user_project/caravel/s.Makefile.sh'.
   Trying pattern rule with stem 'Makefile.sh'.
   Trying implicit prerequisite '/home/tonyho/workspace/debug/fsic_caravel_user_project/caravel_user_project/caravel/SCCS/s.Makefile.sh'.
  No implicit rule found for '/home/tonyho/workspace/debug/fsic_caravel_user_project/caravel_user_project/caravel/Makefile'.
  Finished prerequisites of target file '/home/tonyho/workspace/debug/fsic_caravel_user_project/caravel_user_project/caravel/Makefile'.
 No need to remake target '/home/tonyho/workspace/debug/fsic_caravel_user_project/caravel_user_project/caravel/Makefile'.
Updating goal targets....
Considering target file 'install_mcw'.
 File 'install_mcw' does not exist.
 Finished prerequisites of target file 'install_mcw'.
Must remake target 'install_mcw'.
if [ -d "/home/tonyho/workspace/debug/fsic_caravel_user_project/caravel_user_project/mgmt_core_wrapper" ]; then \
	echo "Deleting exisiting /home/tonyho/workspace/debug/fsic_caravel_user_project/caravel_user_project/mgmt_core_wrapper" && \
	rm -rf /home/tonyho/workspace/debug/fsic_caravel_user_project/caravel_user_project/mgmt_core_wrapper && sleep 2;\
fi
Putting child 0x555e7ecccbe0 (install_mcw) PID 1802627 on the chain.
Live child 0x555e7ecccbe0 (install_mcw) PID 1802627 
Deleting exisiting /home/tonyho/workspace/debug/fsic_caravel_user_project/caravel_user_project/mgmt_core_wrapper
Reaping winning child 0x555e7ecccbe0 PID 1802627 
Live child 0x555e7ecccbe0 (install_mcw) PID 1802661 
Installing mcw-litex-vexriscv..
Reaping winning child 0x555e7ecccbe0 PID 1802661 
Live child 0x555e7ecccbe0 (install_mcw) PID 1802663 
Cloning into '/home/tonyho/workspace/debug/fsic_caravel_user_project/caravel_user_project/mgmt_core_wrapper'...
